2026-03-12 09:16:16,990 - linkedin_extractor - INFO - Logging initialized. Log file: logs\scraper_2026-03-12_09-16-16.log
2026-03-12 09:16:16,992 - linkedin_extractor - INFO - ============================================================
2026-03-12 09:16:16,994 - linkedin_extractor - INFO - LinkedIn Post Extractor
2026-03-12 09:16:16,994 - linkedin_extractor - INFO - ============================================================
2026-03-12 09:16:16,994 - linkedin_extractor - INFO - Keywords: ['Shayak Mazumder', 'Adya AI']
2026-03-12 09:16:16,994 - linkedin_extractor - INFO - Time Range: Last 6 months
2026-03-12 09:16:16,995 - linkedin_extractor - INFO - Output Directory: ./output
2026-03-12 09:16:16,995 - linkedin_extractor - INFO - ============================================================
2026-03-12 09:16:17,022 - storage - INFO - Database initialized at ./output\linkedin_posts.db
2026-03-12 09:16:17,025 - storage - INFO - Database initialized at ./output\linkedin_posts.db
2026-03-12 09:16:17,025 - scraper - INFO - Starting Chrome browser...
2026-03-12 09:16:39,722 - scraper - INFO - Browser started successfully
2026-03-12 09:16:39,723 - scraper - INFO - Attempting to log in to LinkedIn...
2026-03-12 09:16:56,840 - scraper - WARNING - ==================================================
2026-03-12 09:16:56,840 - scraper - WARNING - CAPTCHA DETECTED!
2026-03-12 09:16:56,841 - scraper - WARNING - Please solve the CAPTCHA manually in the browser.
2026-03-12 09:16:56,841 - scraper - WARNING - The script will continue once you've solved it.
2026-03-12 09:16:56,841 - scraper - WARNING - ==================================================
2026-03-12 09:17:01,851 - scraper - INFO - Waiting for CAPTCHA to be solved...
2026-03-12 09:17:06,861 - scraper - INFO - Waiting for CAPTCHA to be solved...
2026-03-12 09:17:11,899 - scraper - INFO - Waiting for CAPTCHA to be solved...
2026-03-12 09:17:16,913 - scraper - INFO - Waiting for CAPTCHA to be solved...
2026-03-12 09:17:21,922 - scraper - INFO - Waiting for CAPTCHA to be solved...
2026-03-12 09:17:24,327 - scraper - INFO - CAPTCHA solved! Continuing...
2026-03-12 09:17:58,145 - scraper - ERROR - Login timed out
2026-03-12 09:17:58,146 - linkedin_extractor - ERROR - Failed to log in to LinkedIn. Exiting.
2026-03-12 09:17:58,146 - scraper - INFO - Closing browser...
2026-03-12 09:18:04,785 - linkedin_extractor - INFO - Extraction complete.
