2026-03-12 09:22:53,440 - linkedin_extractor - INFO - Logging initialized. Log file: logs\scraper_2026-03-12_09-22-53.log
2026-03-12 09:22:53,440 - linkedin_extractor - INFO - ============================================================
2026-03-12 09:22:53,440 - linkedin_extractor - INFO - LinkedIn Post Extractor
2026-03-12 09:22:53,440 - linkedin_extractor - INFO - ============================================================
2026-03-12 09:22:53,440 - linkedin_extractor - INFO - Keywords: ['Shayak Mazumder', 'Adya AI']
2026-03-12 09:22:53,441 - linkedin_extractor - INFO - Time Range: Last 6 months
2026-03-12 09:22:53,441 - linkedin_extractor - INFO - Output Directory: ./output
2026-03-12 09:22:53,441 - linkedin_extractor - INFO - ============================================================
2026-03-12 09:22:53,444 - storage - INFO - Database initialized at ./output\linkedin_posts.db
2026-03-12 09:22:53,446 - storage - INFO - Database initialized at ./output\linkedin_posts.db
2026-03-12 09:22:53,446 - scraper - INFO - Starting Chrome browser...
2026-03-12 09:22:54,466 - scraper - INFO - Browser started successfully
2026-03-12 09:22:54,467 - scraper - INFO - Attempting to log in to LinkedIn...
2026-03-12 09:23:02,196 - scraper - WARNING - ==================================================
2026-03-12 09:23:02,196 - scraper - WARNING - CAPTCHA DETECTED!
2026-03-12 09:23:02,196 - scraper - WARNING - Please solve the CAPTCHA manually in the browser.
2026-03-12 09:23:02,197 - scraper - WARNING - The script will continue once you've solved it.
2026-03-12 09:23:02,197 - scraper - WARNING - ==================================================
2026-03-12 09:23:07,233 - scraper - INFO - Waiting for CAPTCHA to be solved...
2026-03-12 09:23:12,268 - scraper - INFO - Waiting for CAPTCHA to be solved...
2026-03-12 09:23:14,200 - scraper - INFO - CAPTCHA solved! Continuing...
2026-03-12 09:23:48,292 - scraper - ERROR - Login timed out
2026-03-12 09:23:48,293 - linkedin_extractor - ERROR - Failed to log in to LinkedIn. Exiting.
2026-03-12 09:23:48,293 - scraper - INFO - Closing browser...
2026-03-12 09:23:51,506 - linkedin_extractor - INFO - Extraction complete.
