2026-03-12 09:48:12,299 - linkedin_extractor - INFO - Logging initialized. Log file: logs\scraper_2026-03-12_09-48-12.log
2026-03-12 09:48:12,299 - linkedin_extractor - INFO - ============================================================
2026-03-12 09:48:12,299 - linkedin_extractor - INFO - LinkedIn Post Extractor
2026-03-12 09:48:12,299 - linkedin_extractor - INFO - ============================================================
2026-03-12 09:48:12,300 - linkedin_extractor - INFO - Keywords: ['Shayak Mazumder', 'Adya AI']
2026-03-12 09:48:12,300 - linkedin_extractor - INFO - Time Range: Last 6 months
2026-03-12 09:48:12,300 - linkedin_extractor - INFO - Output Directory: ./output
2026-03-12 09:48:12,300 - linkedin_extractor - INFO - ============================================================
2026-03-12 09:48:12,302 - storage - INFO - Database initialized at ./output\linkedin_posts.db
2026-03-12 09:48:12,304 - storage - INFO - Database initialized at ./output\linkedin_posts.db
2026-03-12 09:48:12,304 - scraper - INFO - Starting Chrome browser...
2026-03-12 09:48:13,365 - scraper - INFO - Browser started successfully
2026-03-12 09:48:13,365 - scraper - INFO - Attempting to log in to LinkedIn...
2026-03-12 09:48:26,173 - scraper - INFO - Cookies loaded successfully
2026-03-12 09:48:34,472 - scraper - INFO - Logged in successfully using cookies!
2026-03-12 09:48:34,472 - linkedin_extractor - INFO - 
Starting post extraction...
2026-03-12 09:48:34,472 - scraper - INFO - 
==================================================
2026-03-12 09:48:34,472 - scraper - INFO - Processing keyword: Shayak Mazumder
2026-03-12 09:48:34,473 - scraper - INFO - ==================================================

2026-03-12 09:48:34,473 - scraper - INFO - Searching for posts with keyword: 'Shayak Mazumder'
2026-03-12 09:48:34,473 - scraper - INFO - Fetching page 1/20...
2026-03-12 09:49:13,484 - scraper - WARNING - Timeout waiting for posts to load
2026-03-12 09:49:13,484 - scraper - INFO - No more posts found on page 1
2026-03-12 09:49:13,485 - scraper - INFO - Pausing between keyword searches...
2026-03-12 09:49:29,394 - scraper - INFO - 
==================================================
2026-03-12 09:49:29,394 - scraper - INFO - Processing keyword: Adya AI
2026-03-12 09:49:29,394 - scraper - INFO - ==================================================

2026-03-12 09:49:29,394 - scraper - INFO - Searching for posts with keyword: 'Adya AI'
2026-03-12 09:49:29,394 - scraper - INFO - Fetching page 1/20...
2026-03-12 09:49:32,232 - scraper - WARNING - ==================================================
2026-03-12 09:49:32,232 - scraper - WARNING - CAPTCHA DETECTED!
2026-03-12 09:49:32,232 - scraper - WARNING - Please solve the CAPTCHA manually in the browser.
2026-03-12 09:49:32,233 - scraper - WARNING - The script will continue once you've solved it.
2026-03-12 09:49:32,233 - scraper - WARNING - ==================================================
2026-03-12 09:49:37,250 - scraper - INFO - Waiting for CAPTCHA to be solved...
2026-03-12 09:49:37,468 - scraper - INFO - CAPTCHA solved! Continuing...
2026-03-12 09:50:11,116 - scraper - WARNING - Timeout waiting for posts to load
2026-03-12 09:50:11,116 - scraper - INFO - No more posts found on page 1
2026-03-12 09:50:11,116 - linkedin_extractor - WARNING - No posts were collected.
2026-03-12 09:50:11,116 - scraper - INFO - Closing browser...
2026-03-12 09:50:13,867 - linkedin_extractor - INFO - Extraction complete.
