2026-03-12 14:39:47,928 [INFO] Log file: logs\scraper_2026-03-12_14-39-47.log
2026-03-12 14:39:47,928 [INFO] ============================================================
2026-03-12 14:39:47,928 [INFO] LinkedIn Post Extractor
2026-03-12 14:39:47,928 [INFO] Keywords: ['google']
2026-03-12 14:39:47,928 [INFO] Max Posts: 10
2026-03-12 14:39:47,929 [INFO] Time Range: Last 6 months
2026-03-12 14:39:47,929 [INFO] Output Directory: ./output
2026-03-12 14:39:47,929 [INFO] ============================================================
2026-03-12 14:39:47,930 [INFO] Cleared main posts.json for fresh start: ./output\posts.json
2026-03-12 14:39:48,934 [INFO] Found saved session state.
2026-03-12 14:39:49,401 [INFO] Checking login status...
2026-03-12 14:39:53,829 [INFO] Already logged in.
2026-03-12 14:39:53,829 [INFO] Starting search for: google (target: 10 posts)
2026-03-12 14:39:58,268 [INFO] Target: 10 posts for keyword 'google'
2026-03-12 14:39:58,269 [INFO] Scroll 1/5 for 'google' - Collected: 0/10
2026-03-12 14:39:59,776 [INFO] Reached end of search results.
2026-03-12 14:39:59,777 [INFO] Completed search for 'google': collected 0 posts
2026-03-12 14:40:00,486 [INFO] Scraping completed.
2026-03-12 14:40:00,508 [INFO] 
Total posts collected: 0
2026-03-12 14:40:00,508 [WARNING] No posts collected.
