2026-03-12 14:50:03,154 [INFO] Log file: logs\scraper_2026-03-12_14-50-03.log
2026-03-12 14:50:03,154 [INFO] ============================================================
2026-03-12 14:50:03,154 [INFO] LinkedIn Post Extractor
2026-03-12 14:50:03,154 [INFO] Keywords: ['Google']
2026-03-12 14:50:03,154 [INFO] Max Posts: 10
2026-03-12 14:50:03,154 [INFO] Time Range: Last 6 months
2026-03-12 14:50:03,154 [INFO] Output Directory: ./output
2026-03-12 14:50:03,154 [INFO] ============================================================
2026-03-12 14:50:03,155 [INFO] Cleared main posts.json for fresh start: ./output\posts.json
2026-03-12 14:50:04,056 [INFO] Found saved session state.
2026-03-12 14:50:04,434 [INFO] Checking login status...
2026-03-12 14:50:15,248 [INFO] Already logged in.
2026-03-12 14:50:15,248 [INFO] Starting search for: Google (target: 10 posts)
2026-03-12 14:50:18,616 [INFO] Target: 10 posts for keyword 'Google'
2026-03-12 14:50:18,616 [INFO] Scroll 1/5 for 'Google' - Collected: 0/10
2026-03-12 14:50:19,915 [INFO] Reached end of search results.
2026-03-12 14:50:19,915 [INFO] Completed search for 'Google': collected 0 posts
2026-03-12 14:50:20,604 [INFO] Scraping completed.
2026-03-12 14:50:20,625 [INFO] 
Total posts collected: 0
2026-03-12 14:50:20,625 [WARNING] No posts collected.
