2026-03-12 12:49:12,715 [INFO] Log file: logs\scraper_2026-03-12_12-49-12.log
2026-03-12 12:49:12,715 [INFO] ============================================================
2026-03-12 12:49:12,715 [INFO] LinkedIn Post Extractor
2026-03-12 12:49:12,715 [INFO] Keywords: ['Shayak Mazumder']
2026-03-12 12:49:12,715 [INFO] Time Range: Last 6 months
2026-03-12 12:49:12,715 [INFO] Output Directory: ./output
2026-03-12 12:49:12,715 [INFO] ============================================================
2026-03-12 12:49:13,762 [INFO] Found saved session state.
2026-03-12 12:49:14,422 [INFO] Checking login status...
2026-03-12 12:49:22,204 [INFO] Already logged in.
2026-03-12 12:49:22,205 [INFO] Starting search for: Shayak Mazumder
2026-03-12 12:49:30,214 [INFO] Scrolling page 1/5 for 'Shayak Mazumder'...
2026-03-12 12:49:38,421 [INFO] Extracted post urn:li:activity:7437750672193703936 by Sivagami RadhakrishnanSivagami Radhakrishnan
2026-03-12 12:49:38,453 [INFO] Extracted post urn:li:activity:7437725226441875456 by Shayak MazumderShayak Mazumder
2026-03-12 12:49:38,483 [INFO] Extracted post urn:li:activity:7437722585397669888 by Praveen DornaPraveen Dorna
2026-03-12 12:49:38,522 [INFO] Extracted post urn:li:activity:7437163809569542145 by ADC-Spark-Job-OpportunitiesADC-Spark-Job-Opportunities
2026-03-12 12:49:38,567 [INFO] Extracted post urn:li:activity:7437127654455148544 by AdyaAdya
2026-03-12 12:49:38,598 [INFO] Extracted post urn:li:activity:7437087949797732352 by Dharshika D.SDharshika D.S
2026-03-12 12:49:38,627 [INFO] Extracted post urn:li:activity:7437094938820886528 by Shayak MazumderShayak Mazumder
2026-03-12 12:49:38,662 [INFO] Extracted post urn:li:activity:7437006836446294016 by Jency IrinJency Irin
2026-03-12 12:49:38,709 [INFO] Extracted post urn:li:activity:7436813211204734976 by Ajitha IAjitha I
2026-03-12 12:49:51,524 [INFO] Clicked 'Show more' button.
2026-03-12 12:49:54,760 [INFO] Scrolling page 2/5 for 'Shayak Mazumder'...
2026-03-12 12:50:02,834 [INFO] Extracted post urn:li:activity:7436735170596093952 by AdyaAdya
2026-03-12 12:50:02,885 [INFO] Extracted post urn:li:activity:7436433721999704064 by Charumathi SCharumathi S
2026-03-12 12:50:02,941 [INFO] Extracted post urn:li:activity:7436417675901157376 by Hemanth SHemanth S
2026-03-12 12:50:02,985 [INFO] Extracted post urn:li:activity:7436410266231296000 by Ramasamy TRamasamy T
2026-03-12 12:50:03,039 [INFO] Extracted post urn:li:activity:7436095474538881024 by Prem pPrem p
2026-03-12 12:50:03,093 [INFO] Extracted post urn:li:activity:7436094714010972160 by Sowraj MSowraj M
2026-03-12 12:50:03,139 [INFO] Extracted post urn:li:activity:7436085291867828224 by Praveen RPraveen R
2026-03-12 12:50:03,187 [INFO] Extracted post urn:li:activity:7436064898775703552 by Diya VinodDiya Vinod
2026-03-12 12:50:03,232 [INFO] Extracted post urn:li:activity:7436048010582720513 by AdyaAdya
2026-03-12 12:50:03,267 [INFO] Extracted post urn:li:activity:7436037122630914048 by Neha AnishNeha Anish
2026-03-12 12:50:03,477 [INFO] Extracted post urn:li:activity:7436024124164165632 by A AkshayA Akshay
2026-03-12 12:50:03,771 [INFO] Extracted post urn:li:activity:7436020828082933760 by Dhinesh WaranDhinesh Waran
2026-03-12 12:50:03,839 [INFO] Extracted post urn:li:activity:7436014061680615424 by Shayak MazumderShayak Mazumder
2026-03-12 12:50:03,882 [INFO] Extracted post urn:li:activity:7436011925362155520 by Aswin NAswin N
2026-03-12 12:50:03,923 [INFO] Extracted post urn:li:activity:7435640366873100288 by AdyaAdya
2026-03-12 12:50:03,982 [INFO] Extracted post urn:li:activity:7435231786672140288 by Arun Pandit ®Arun Pandit ®
2026-03-12 12:50:04,060 [INFO] Extracted post urn:li:activity:7435226701913206784 by Sainik School Sujanpur TiraSainik School Sujanpur Tira
2026-03-12 12:50:04,136 [INFO] Extracted post urn:li:activity:7434135139380711424 by Prathamesh AmbokarPrathamesh Ambokar
2026-03-12 12:50:04,212 [INFO] Extracted post urn:li:activity:7433335920432422913 by Kamal JainKamal Jain
2026-03-12 12:50:04,289 [INFO] Extracted post urn:li:activity:7434213424617709568 by AdyaAdya
2026-03-12 12:50:04,385 [INFO] Extracted post urn:li:activity:7433274479772037121 by Robert MaciejkoRobert Maciejko
2026-03-12 12:50:04,428 [INFO] Extracted post urn:li:activity:7432724634489323520 by Baba Farid School of Entrepreneurship (BFSoE)Baba Farid School of Entrepreneurship (BFSoE)
2026-03-12 12:50:04,523 [INFO] Extracted post urn:li:activity:7432071383985303552 by Amit kumar MandalAmit kumar Mandal
2026-03-12 12:50:04,573 [INFO] Extracted post urn:li:activity:7432012940939018240 by STPI - Software Technology Parks of IndiaSTPI - Software Technology Parks of India
2026-03-12 12:50:05,132 [INFO] Clicked 'Show more' button.
2026-03-12 12:50:09,058 [INFO] Scrolling page 3/5 for 'Shayak Mazumder'...
2026-03-12 12:50:16,755 [INFO] Extracted post urn:li:activity:7432727787439906816 by AdyaAdya
2026-03-12 12:50:16,819 [INFO] Extracted post urn:li:activity:7431680865602166784 by Benjamin LATLIBenjamin LATLI
2026-03-12 12:50:16,877 [INFO] Extracted post urn:li:activity:7431568142440603648 by Chandigarh University, APEX Institute Of Management, (Industry Collaborated MBA/BBA Programs)Chandigarh University, APEX Institute Of Management, (Industry Collaborated MBA/BBA Programs)
2026-03-12 12:50:16,920 [INFO] Extracted post urn:li:activity:7430164096924172289 by Shayak MazumderShayak Mazumder
2026-03-12 12:50:16,955 [INFO] Extracted post urn:li:activity:7430102593202356224 by Rashi GuptaRashi Gupta
2026-03-12 12:50:16,991 [INFO] Extracted post urn:li:activity:7432395943305568256 by AdyaAdya
2026-03-12 12:50:17,311 [INFO] Clicked 'Show more' button.
2026-03-12 12:50:21,182 [INFO] Scrolling page 4/5 for 'Shayak Mazumder'...
2026-03-12 12:50:28,155 [INFO] Extracted post urn:li:activity:7429889435548192770 by Jignesh VasaniJignesh Vasani
2026-03-12 12:50:28,210 [INFO] Extracted post urn:li:activity:7429765752301223936 by Niraj RuparelNiraj Ruparel
2026-03-12 12:50:28,259 [INFO] Extracted post urn:li:activity:7429594105971662848 by Mahesh siddamsettyMahesh siddamsetty
2026-03-12 12:50:28,313 [INFO] Extracted post urn:li:activity:7429492698643988480 by Charu JainCharu Jain
2026-03-12 12:50:28,364 [INFO] Extracted post urn:li:activity:7431641437143900163 by AdyaAdya
2026-03-12 12:50:28,415 [INFO] Extracted post urn:li:activity:7429142908852895744 by Nishit VermaNishit Verma
2026-03-12 12:50:28,881 [INFO] Clicked 'Show more' button.
2026-03-12 12:50:33,847 [INFO] Scrolling page 5/5 for 'Shayak Mazumder'...
2026-03-12 12:50:41,966 [INFO] Extracted post urn:li:activity:7428795893623091200 by Madhurima ManiyaraMadhurima Maniyara
2026-03-12 12:50:42,017 [INFO] Extracted post urn:li:activity:7429392936208883713 by Charu JainCharu Jain
2026-03-12 12:50:42,077 [INFO] Extracted post urn:li:activity:7428074998138937344 by STPI - Software Technology Parks of IndiaSTPI - Software Technology Parks of India
2026-03-12 12:50:42,132 [INFO] Extracted post urn:li:activity:7430967113550360576 by AdyaAdya
2026-03-12 12:50:42,170 [INFO] Extracted post urn:li:activity:7428073664052617216 by Varad ChalmaleVarad Chalmale
2026-03-12 12:50:42,217 [INFO] Extracted post urn:li:activity:7427191707022155776 by SREETHU SSREETHU S
2026-03-12 12:50:42,682 [INFO] Clicked 'Show more' button.
2026-03-12 12:50:57,982 [INFO] Scraping completed.
2026-03-12 12:50:58,002 [INFO] 
Total posts collected: 51
2026-03-12 12:50:58,023 [INFO] CSV saved: ./output\posts_2026-03-12_12-50-58.csv
2026-03-12 12:50:58,023 [INFO] JSON saved: ./output\posts_2026-03-12_12-50-58.json
2026-03-12 12:50:58,023 [INFO] Database: ./output\linkedin_posts.db
2026-03-12 12:50:58,029 [INFO] 
============================================================
2026-03-12 12:50:58,029 [INFO] EXTRACTION SUMMARY
2026-03-12 12:50:58,029 [INFO] Total Posts in DB: 51
2026-03-12 12:50:58,029 [INFO] Likes: 2,385
2026-03-12 12:50:58,029 [INFO] Comments: 106
2026-03-12 12:50:58,029 [INFO] Reposts: 68
2026-03-12 12:50:58,029 [INFO] Top Authors:
2026-03-12 12:50:58,030 [INFO]   - AdyaAdya: 9 posts
2026-03-12 12:50:58,030 [INFO]   - Shayak MazumderShayak Mazumder: 4 posts
2026-03-12 12:50:58,030 [INFO]   - STPI - Software Technology Parks of IndiaSTPI - Software Technology Parks of India: 2 posts
2026-03-12 12:50:58,030 [INFO]   - Charu JainCharu Jain: 2 posts
2026-03-12 12:50:58,030 [INFO]   - Sivagami RadhakrishnanSivagami Radhakrishnan: 1 posts
2026-03-12 12:50:58,030 [INFO] ============================================================
