2026-03-12 14:24:28,675 [INFO] Log file: logs\scraper_2026-03-12_14-24-28.log
2026-03-12 14:24:28,675 [INFO] ============================================================
2026-03-12 14:24:28,675 [INFO] LinkedIn Post Extractor
2026-03-12 14:24:28,675 [INFO] Keywords: ['Yutaro okamoto']
2026-03-12 14:24:28,675 [INFO] Max Posts: 5
2026-03-12 14:24:28,675 [INFO] Time Range: Last 6 months
2026-03-12 14:24:28,675 [INFO] Output Directory: ./output
2026-03-12 14:24:28,676 [INFO] ============================================================
2026-03-12 14:24:28,677 [INFO] Cleared main posts.json for fresh start: ./output\posts.json
2026-03-12 14:24:29,575 [INFO] Found saved session state.
2026-03-12 14:24:29,935 [INFO] Checking login status...
2026-03-12 14:24:34,325 [INFO] Already logged in.
2026-03-12 14:24:34,325 [INFO] Starting search for: Yutaro okamoto (target: 5 posts)
2026-03-12 14:24:37,718 [INFO] Target: 5 posts for keyword 'Yutaro okamoto'
2026-03-12 14:24:37,718 [INFO] Scroll 1/3 for 'Yutaro okamoto' - Collected: 0/5
2026-03-12 14:24:39,430 [INFO] Extracted post 1/5: urn:li:activity:7436068692100280320 by Kamali SKamali S
2026-03-12 14:24:39,433 [INFO] Saved post to dashboard: Kamali SKamali S - Total posts: 1
2026-03-12 14:24:39,524 [INFO] Extracted post 2/5: urn:li:activity:7435699410077986817 by Hari prasath.EHari prasath.E
2026-03-12 14:24:39,544 [INFO] Saved post to dashboard: Hari prasath.EHari prasath.E - Total posts: 2
2026-03-12 14:24:39,740 [INFO] Extracted post 3/5: urn:li:activity:7435253145691160578 by Yutaro Okamoto, MBAYutaro Okamoto, MBA
2026-03-12 14:24:39,760 [INFO] Saved post to dashboard: Yutaro Okamoto, MBAYutaro Okamoto, MBA - Total posts: 3
2026-03-12 14:24:39,761 [INFO] Scroll 2/3 for 'Yutaro okamoto' - Collected: 3/5
2026-03-12 14:24:41,028 [INFO] Extracted post 4/5: urn:li:activity:7434880160509882368 by Momoka WatanukiMomoka Watanuki
2026-03-12 14:24:41,043 [INFO] Saved post to dashboard: Momoka WatanukiMomoka Watanuki - Total posts: 4
2026-03-12 14:24:41,074 [INFO] Extracted post 5/5: urn:li:activity:7422665190900441089 by HireSmart TechFest JapanHireSmart TechFest Japan
2026-03-12 14:24:41,088 [INFO] Saved post to dashboard: HireSmart TechFest JapanHireSmart TechFest Japan - Total posts: 5
2026-03-12 14:24:41,088 [INFO] Completed search for 'Yutaro okamoto': collected 5 posts
2026-03-12 14:24:41,817 [INFO] Scraping completed.
2026-03-12 14:24:41,838 [INFO] 
Total posts collected: 5
2026-03-12 14:24:41,853 [INFO] CSV saved: ./output\posts_2026-03-12_14-24-41.csv
2026-03-12 14:24:41,853 [INFO] JSON saved: ./output\posts_2026-03-12_14-24-41.json
2026-03-12 14:24:41,853 [INFO] Database: ./output\linkedin_posts.db
2026-03-12 14:24:41,859 [INFO] 
============================================================
2026-03-12 14:24:41,859 [INFO] EXTRACTION SUMMARY
2026-03-12 14:24:41,859 [INFO] Total Posts in DB: 231
2026-03-12 14:24:41,859 [INFO] Likes: 6,084
2026-03-12 14:24:41,859 [INFO] Comments: 396
2026-03-12 14:24:41,859 [INFO] Reposts: 156
2026-03-12 14:24:41,859 [INFO] Top Authors:
2026-03-12 14:24:41,859 [INFO]   - AdyaAdya: 9 posts
2026-03-12 14:24:41,859 [INFO]   - karimnagar red brickskarimnagar red bricks: 7 posts
2026-03-12 14:24:41,859 [INFO]   - Madhan KumarMadhan Kumar: 5 posts
2026-03-12 14:24:41,859 [INFO]   - Madhan BathiniMadhan Bathini: 5 posts
2026-03-12 14:24:41,860 [INFO]   - Madhan SMadhan S: 5 posts
2026-03-12 14:24:41,860 [INFO] ============================================================
