2026-03-12 14:44:53,494 [INFO] Log file: logs\scraper_2026-03-12_14-44-53.log
2026-03-12 14:44:53,494 [INFO] ============================================================
2026-03-12 14:44:53,494 [INFO] LinkedIn Post Extractor
2026-03-12 14:44:53,494 [INFO] Keywords: ['artificial intelligence']
2026-03-12 14:44:53,494 [INFO] Max Posts: 3
2026-03-12 14:44:53,494 [INFO] Time Range: Last 6 months
2026-03-12 14:44:53,494 [INFO] Output Directory: ./output
2026-03-12 14:44:53,494 [INFO] ============================================================
2026-03-12 14:44:53,495 [INFO] Cleared main posts.json for fresh start: ./output\posts.json
2026-03-12 14:44:54,434 [INFO] Found saved session state.
2026-03-12 14:44:54,816 [INFO] Checking login status...
2026-03-12 14:45:00,413 [INFO] Already logged in.
2026-03-12 14:45:00,413 [INFO] Starting search for: artificial intelligence (target: 3 posts)
2026-03-12 14:45:07,265 [INFO] Target: 3 posts for keyword 'artificial intelligence'
2026-03-12 14:45:07,265 [INFO] Scroll 1/3 for 'artificial intelligence' - Collected: 0/3
2026-03-12 14:45:12,353 [INFO] Extracted post 1/3: urn:li:activity:7437783199428198400 by Maurizio TafuroMaurizio Tafuro
2026-03-12 14:45:12,371 [INFO] Saved post to dashboard: Maurizio TafuroMaurizio Tafuro - Total posts: 1
2026-03-12 14:45:13,246 [INFO] Extracted post 2/3: urn:li:activity:7437783187159830528 by Santa Clarita Artificial Intelligence | Honor ElevateSanta Clarita Artificial Intelligence | Honor Elevate
2026-03-12 14:45:13,247 [INFO] Saved post to dashboard: Santa Clarita Artificial Intelligence | Honor ElevateSanta Clarita Artificial Intelligence | Honor Elevate - Total posts: 2
2026-03-12 14:45:13,364 [INFO] Extracted post 3/3: urn:li:activity:7437783178838241281 by Connor MacIvorConnor MacIvor
2026-03-12 14:45:13,366 [INFO] Saved post to dashboard: Connor MacIvorConnor MacIvor - Total posts: 3
2026-03-12 14:45:13,366 [INFO] Completed search for 'artificial intelligence': collected 3 posts
2026-03-12 14:45:15,406 [INFO] Scraping completed.
2026-03-12 14:45:15,427 [INFO] 
Total posts collected: 3
2026-03-12 14:45:15,439 [INFO] CSV saved: ./output\posts_2026-03-12_14-45-15.csv
2026-03-12 14:45:15,439 [INFO] JSON saved: ./output\posts_2026-03-12_14-45-15.json
2026-03-12 14:45:15,439 [INFO] Database: ./output\linkedin_posts.db
2026-03-12 14:45:15,447 [INFO] 
============================================================
2026-03-12 14:45:15,447 [INFO] EXTRACTION SUMMARY
2026-03-12 14:45:15,448 [INFO] Total Posts in DB: 234
2026-03-12 14:45:15,448 [INFO] Likes: 6,084
2026-03-12 14:45:15,448 [INFO] Comments: 397
2026-03-12 14:45:15,448 [INFO] Reposts: 156
2026-03-12 14:45:15,448 [INFO] Top Authors:
2026-03-12 14:45:15,448 [INFO]   - AdyaAdya: 9 posts
2026-03-12 14:45:15,448 [INFO]   - karimnagar red brickskarimnagar red bricks: 7 posts
2026-03-12 14:45:15,448 [INFO]   - Madhan KumarMadhan Kumar: 5 posts
2026-03-12 14:45:15,448 [INFO]   - Madhan BathiniMadhan Bathini: 5 posts
2026-03-12 14:45:15,448 [INFO]   - Madhan SMadhan S: 5 posts
2026-03-12 14:45:15,448 [INFO] ============================================================
