2026-03-12 15:54:59,158 [INFO] Log file: logs\scraper_2026-03-12_15-54-59.log
2026-03-12 15:54:59,159 [INFO] ============================================================
2026-03-12 15:54:59,159 [INFO] LinkedIn Post Extractor
2026-03-12 15:54:59,160 [INFO] Keywords: ['Google']
2026-03-12 15:54:59,160 [INFO] Max Posts: 5
2026-03-12 15:54:59,160 [INFO] Time Range: Last 6 months
2026-03-12 15:54:59,161 [INFO] Output Directory: ./output
2026-03-12 15:54:59,161 [INFO] ============================================================
2026-03-12 15:54:59,162 [INFO] Cleared main posts.json for fresh start: ./output\posts.json
2026-03-12 15:55:00,675 [INFO] Found saved session state.
2026-03-12 15:55:01,450 [INFO] Checking login status...
2026-03-12 15:55:06,139 [INFO] Already logged in.
2026-03-12 15:55:06,141 [INFO] Starting search for: Google (target: 5 posts)
2026-03-12 15:55:09,701 [INFO] Target: 5 posts for keyword 'Google'
2026-03-12 15:55:09,702 [INFO] Scroll 1/3 for 'Google' - Collected: 0/5
2026-03-12 15:55:12,985 [INFO] Reached end of search results.
2026-03-12 15:55:12,986 [INFO] Completed search for 'Google': collected 0 posts
2026-03-12 15:55:14,238 [INFO] Scraping completed.
2026-03-12 15:55:14,265 [INFO] 
Total posts collected: 0
2026-03-12 15:55:14,265 [WARNING] No posts collected.
