2026-03-12 14:33:32,094 [INFO] Log file: logs\scraper_2026-03-12_14-33-32.log
2026-03-12 14:33:32,094 [INFO] ============================================================
2026-03-12 14:33:32,095 [INFO] LinkedIn Post Extractor
2026-03-12 14:33:32,095 [INFO] Keywords: ['google']
2026-03-12 14:33:32,095 [INFO] Max Posts: 10
2026-03-12 14:33:32,095 [INFO] Time Range: Last 6 months
2026-03-12 14:33:32,095 [INFO] Output Directory: ./output
2026-03-12 14:33:32,095 [INFO] ============================================================
2026-03-12 14:33:32,096 [INFO] Cleared main posts.json for fresh start: ./output\posts.json
2026-03-12 14:33:33,031 [INFO] Found saved session state.
2026-03-12 14:33:33,444 [INFO] Checking login status...
2026-03-12 14:33:37,428 [INFO] Already logged in.
2026-03-12 14:33:37,428 [INFO] Starting search for: google (target: 10 posts)
2026-03-12 14:33:40,810 [INFO] Target: 10 posts for keyword 'google'
2026-03-12 14:33:40,810 [INFO] Scroll 1/5 for 'google' - Collected: 0/10
2026-03-12 14:33:42,287 [INFO] Reached end of search results.
2026-03-12 14:33:42,287 [INFO] Completed search for 'google': collected 0 posts
2026-03-12 14:33:42,952 [INFO] Scraping completed.
2026-03-12 14:33:42,975 [INFO] 
Total posts collected: 0
2026-03-12 14:33:42,975 [WARNING] No posts collected.
