2026-03-12 13:27:48,820 [INFO] Log file: logs\scraper_2026-03-12_13-27-48.log
2026-03-12 13:27:48,820 [INFO] ============================================================
2026-03-12 13:27:48,820 [INFO] LinkedIn Post Extractor
2026-03-12 13:27:48,821 [INFO] Keywords: ['test']
2026-03-12 13:27:48,821 [INFO] Max Posts: 1
2026-03-12 13:27:48,821 [INFO] Time Range: Last 6 months
2026-03-12 13:27:48,821 [INFO] Output Directory: ./output
2026-03-12 13:27:48,822 [INFO] ============================================================
2026-03-12 13:27:48,822 [INFO] Initialized realtime posts file: ./output\realtime_posts.json
2026-03-12 13:27:48,823 [INFO] Cleared main posts.json for fresh start
2026-03-12 13:27:49,726 [INFO] Found saved session state.
2026-03-12 13:27:50,122 [INFO] Checking login status...
2026-03-12 13:28:20,839 [INFO] Already logged in.
2026-03-12 13:28:20,840 [INFO] Starting search for: test (target: 1 posts)
2026-03-12 13:28:26,883 [INFO] Target: 1 posts for keyword 'test'
2026-03-12 13:28:26,884 [INFO] Scroll 1/20 for 'test' - Collected: 0/1
2026-03-12 13:28:34,929 [INFO] Reached end of search results.
2026-03-12 13:28:34,930 [INFO] Completed search for 'test': collected 0 posts
2026-03-12 13:28:40,776 [INFO] Scraping completed.
2026-03-12 13:28:40,795 [INFO] 
Total posts collected: 0
2026-03-12 13:28:40,796 [WARNING] No posts collected.
