2026-03-12 14:50:41,884 [INFO] Log file: logs\scraper_2026-03-12_14-50-41.log
2026-03-12 14:50:41,885 [INFO] ============================================================
2026-03-12 14:50:41,885 [INFO] LinkedIn Post Extractor
2026-03-12 14:50:41,885 [INFO] Keywords: ['Google']
2026-03-12 14:50:41,885 [INFO] Max Posts: 10
2026-03-12 14:50:41,885 [INFO] Time Range: Last 6 months
2026-03-12 14:50:41,885 [INFO] Output Directory: ./output
2026-03-12 14:50:41,885 [INFO] ============================================================
2026-03-12 14:50:41,886 [INFO] Cleared main posts.json for fresh start: ./output\posts.json
2026-03-12 14:50:42,762 [INFO] Found saved session state.
2026-03-12 14:50:43,157 [INFO] Checking login status...
2026-03-12 14:50:48,518 [INFO] Already logged in.
2026-03-12 14:50:48,518 [INFO] Starting search for: Google (target: 10 posts)
2026-03-12 14:50:51,739 [INFO] Target: 10 posts for keyword 'Google'
2026-03-12 14:50:51,740 [INFO] Scroll 1/5 for 'Google' - Collected: 0/10
2026-03-12 14:50:53,083 [INFO] Reached end of search results.
2026-03-12 14:50:53,084 [INFO] Completed search for 'Google': collected 0 posts
2026-03-12 14:50:53,832 [INFO] Scraping completed.
2026-03-12 14:50:53,854 [INFO] 
Total posts collected: 0
2026-03-12 14:50:53,854 [WARNING] No posts collected.
