2026-03-12 14:39:08,819 [INFO] Log file: logs\scraper_2026-03-12_14-39-08.log
2026-03-12 14:39:08,819 [INFO] ============================================================
2026-03-12 14:39:08,819 [INFO] LinkedIn Post Extractor
2026-03-12 14:39:08,819 [INFO] Keywords: ['google']
2026-03-12 14:39:08,819 [INFO] Max Posts: 10
2026-03-12 14:39:08,819 [INFO] Time Range: Last 6 months
2026-03-12 14:39:08,819 [INFO] Output Directory: ./output
2026-03-12 14:39:08,820 [INFO] ============================================================
2026-03-12 14:39:08,820 [INFO] Cleared main posts.json for fresh start: ./output\posts.json
2026-03-12 14:39:09,754 [INFO] Found saved session state.
2026-03-12 14:39:10,156 [INFO] Checking login status...
2026-03-12 14:39:14,495 [INFO] Already logged in.
2026-03-12 14:39:14,495 [INFO] Starting search for: google (target: 10 posts)
2026-03-12 14:39:18,297 [INFO] Target: 10 posts for keyword 'google'
2026-03-12 14:39:18,297 [INFO] Scroll 1/5 for 'google' - Collected: 0/10
2026-03-12 14:39:20,720 [INFO] Reached end of search results.
2026-03-12 14:39:20,720 [INFO] Completed search for 'google': collected 0 posts
2026-03-12 14:39:21,517 [INFO] Scraping completed.
2026-03-12 14:39:21,544 [INFO] 
Total posts collected: 0
2026-03-12 14:39:21,544 [WARNING] No posts collected.
