2026-03-12 13:41:06,108 [INFO] Log file: logs\scraper_2026-03-12_13-41-06.log
2026-03-12 13:41:06,109 [INFO] ============================================================
2026-03-12 13:41:06,109 [INFO] LinkedIn Post Extractor
2026-03-12 13:41:06,109 [INFO] Keywords: ['vigneshwara']
2026-03-12 13:41:06,110 [INFO] Max Posts: 3
2026-03-12 13:41:06,110 [INFO] Time Range: Last 6 months
2026-03-12 13:41:06,110 [INFO] Output Directory: ./output
2026-03-12 13:41:06,110 [INFO] ============================================================
2026-03-12 13:41:06,112 [INFO] Cleared main posts.json for fresh start: ./output\posts.json
2026-03-12 13:41:06,994 [INFO] Found saved session state.
2026-03-12 13:41:07,360 [INFO] Checking login status...
2026-03-12 13:41:11,633 [INFO] Already logged in.
2026-03-12 13:41:11,634 [INFO] Starting search for: vigneshwara (target: 3 posts)
2026-03-12 13:41:17,960 [INFO] Target: 3 posts for keyword 'vigneshwara'
2026-03-12 13:41:17,961 [INFO] Scroll 1/20 for 'vigneshwara' - Collected: 0/3
2026-03-12 13:41:25,113 [INFO] Extracted post 1/3: urn:li:activity:7437742730216116226 by karimnagar red brickskarimnagar red bricks
2026-03-12 13:41:25,115 [INFO] Saved post to dashboard: karimnagar red brickskarimnagar red bricks - Total posts: 1
2026-03-12 13:41:25,148 [INFO] Extracted post 2/3: urn:li:activity:7437504360768700416 by VIGNESHWARA KVIGNESHWARA K
2026-03-12 13:41:25,169 [INFO] Saved post to dashboard: VIGNESHWARA KVIGNESHWARA K - Total posts: 2
2026-03-12 13:41:25,203 [INFO] Extracted post 3/3: urn:li:activity:7437363910464192512 by AJSD Academy | Salesforce Workforce PartnerAJSD Academy | Salesforce Workforce Partner
2026-03-12 13:41:25,217 [INFO] Saved post to dashboard: AJSD Academy | Salesforce Workforce PartnerAJSD Academy | Salesforce Workforce Partner - Total posts: 3
2026-03-12 13:41:25,218 [INFO] Completed search for 'vigneshwara': collected 3 posts
2026-03-12 13:41:32,752 [INFO] Scraping completed.
2026-03-12 13:41:32,771 [INFO] 
Total posts collected: 3
2026-03-12 13:41:32,781 [INFO] CSV saved: ./output\posts_2026-03-12_13-41-32.csv
2026-03-12 13:41:32,781 [INFO] JSON saved: ./output\posts_2026-03-12_13-41-32.json
2026-03-12 13:41:32,782 [INFO] Database: ./output\linkedin_posts.db
2026-03-12 13:41:32,788 [INFO] 
============================================================
2026-03-12 13:41:32,789 [INFO] EXTRACTION SUMMARY
2026-03-12 13:41:32,789 [INFO] Total Posts in DB: 216
2026-03-12 13:41:32,789 [INFO] Likes: 5,505
2026-03-12 13:41:32,790 [INFO] Comments: 356
2026-03-12 13:41:32,790 [INFO] Reposts: 149
2026-03-12 13:41:32,790 [INFO] Top Authors:
2026-03-12 13:41:32,791 [INFO]   - AdyaAdya: 9 posts
2026-03-12 13:41:32,791 [INFO]   - karimnagar red brickskarimnagar red bricks: 7 posts
2026-03-12 13:41:32,791 [INFO]   - Madhan BathiniMadhan Bathini: 5 posts
2026-03-12 13:41:32,792 [INFO]   - Madhan KumarMadhan Kumar: 5 posts
2026-03-12 13:41:32,792 [INFO]   - Madhan SMadhan S: 5 posts
2026-03-12 13:41:32,792 [INFO] ============================================================
