2026-03-12 15:00:06,371 [INFO] Log file: logs\scraper_2026-03-12_15-00-06.log
2026-03-12 15:00:06,372 [INFO] ============================================================
2026-03-12 15:00:06,372 [INFO] LinkedIn Post Extractor
2026-03-12 15:00:06,372 [INFO] Keywords: ['google']
2026-03-12 15:00:06,372 [INFO] Max Posts: 10
2026-03-12 15:00:06,372 [INFO] Time Range: Last 6 months
2026-03-12 15:00:06,372 [INFO] Output Directory: ./output
2026-03-12 15:00:06,372 [INFO] ============================================================
2026-03-12 15:00:06,373 [INFO] Cleared main posts.json for fresh start: ./output\posts.json
2026-03-12 15:00:07,337 [INFO] Found saved session state.
2026-03-12 15:00:07,895 [INFO] Checking login status...
2026-03-12 15:00:18,009 [INFO] Already logged in.
2026-03-12 15:00:18,009 [INFO] Starting search for: google (target: 10 posts)
2026-03-12 15:00:21,427 [INFO] Target: 10 posts for keyword 'google'
2026-03-12 15:00:21,427 [INFO] Scroll 1/5 for 'google' - Collected: 0/10
2026-03-12 15:00:22,736 [INFO] Reached end of search results.
2026-03-12 15:00:22,736 [INFO] Completed search for 'google': collected 0 posts
2026-03-12 15:00:23,477 [INFO] Scraping completed.
2026-03-12 15:00:23,500 [INFO] 
Total posts collected: 0
2026-03-12 15:00:23,500 [WARNING] No posts collected.
