2026-03-12 13:53:51,343 [INFO] Log file: logs\scraper_2026-03-12_13-53-51.log
2026-03-12 13:53:51,343 [INFO] ============================================================
2026-03-12 13:53:51,344 [INFO] LinkedIn Post Extractor
2026-03-12 13:53:51,344 [INFO] Keywords: ['vigneshwara']
2026-03-12 13:53:51,344 [INFO] Max Posts: 3
2026-03-12 13:53:51,344 [INFO] Time Range: Last 6 months
2026-03-12 13:53:51,344 [INFO] Output Directory: ./output
2026-03-12 13:53:51,345 [INFO] ============================================================
2026-03-12 13:53:51,346 [INFO] Cleared main posts.json for fresh start: ./output\posts.json
2026-03-12 13:53:52,243 [INFO] Found saved session state.
2026-03-12 13:53:52,620 [INFO] Checking login status...
2026-03-12 13:53:57,094 [INFO] Already logged in.
2026-03-12 13:53:57,094 [INFO] Starting search for: vigneshwara (target: 3 posts)
2026-03-12 13:54:00,306 [INFO] Target: 3 posts for keyword 'vigneshwara'
2026-03-12 13:54:00,307 [INFO] Scroll 1/3 for 'vigneshwara' - Collected: 0/3
2026-03-12 13:54:02,011 [INFO] Extracted post 1/3: urn:li:activity:7437742730216116226 by karimnagar red brickskarimnagar red bricks
2026-03-12 13:54:02,013 [INFO] Saved post to dashboard: karimnagar red brickskarimnagar red bricks - Total posts: 1
2026-03-12 13:54:02,461 [INFO] Extracted post 2/3: urn:li:activity:7437504360768700416 by VIGNESHWARA KVIGNESHWARA K
2026-03-12 13:54:02,463 [INFO] Saved post to dashboard: VIGNESHWARA KVIGNESHWARA K - Total posts: 2
2026-03-12 13:54:02,507 [INFO] Extracted post 3/3: urn:li:activity:7437363910464192512 by AJSD Academy | Salesforce Workforce PartnerAJSD Academy | Salesforce Workforce Partner
2026-03-12 13:54:02,536 [INFO] Saved post to dashboard: AJSD Academy | Salesforce Workforce PartnerAJSD Academy | Salesforce Workforce Partner - Total posts: 3
2026-03-12 13:54:02,538 [INFO] Completed search for 'vigneshwara': collected 3 posts
2026-03-12 13:54:03,221 [INFO] Scraping completed.
2026-03-12 13:54:03,243 [INFO] 
Total posts collected: 3
2026-03-12 13:54:03,253 [INFO] CSV saved: ./output\posts_2026-03-12_13-54-03.csv
2026-03-12 13:54:03,253 [INFO] JSON saved: ./output\posts_2026-03-12_13-54-03.json
2026-03-12 13:54:03,254 [INFO] Database: ./output\linkedin_posts.db
2026-03-12 13:54:03,260 [INFO] 
============================================================
2026-03-12 13:54:03,260 [INFO] EXTRACTION SUMMARY
2026-03-12 13:54:03,260 [INFO] Total Posts in DB: 216
2026-03-12 13:54:03,260 [INFO] Likes: 5,505
2026-03-12 13:54:03,261 [INFO] Comments: 356
2026-03-12 13:54:03,261 [INFO] Reposts: 149
2026-03-12 13:54:03,261 [INFO] Top Authors:
2026-03-12 13:54:03,261 [INFO]   - AdyaAdya: 9 posts
2026-03-12 13:54:03,261 [INFO]   - karimnagar red brickskarimnagar red bricks: 7 posts
2026-03-12 13:54:03,262 [INFO]   - Madhan BathiniMadhan Bathini: 5 posts
2026-03-12 13:54:03,262 [INFO]   - Madhan KumarMadhan Kumar: 5 posts
2026-03-12 13:54:03,262 [INFO]   - Madhan SMadhan S: 5 posts
2026-03-12 13:54:03,262 [INFO] ============================================================
