2026-03-12 12:41:21,595 [INFO] Log file: logs\scraper_2026-03-12_12-41-21.log
2026-03-12 12:41:21,595 [INFO] ============================================================
2026-03-12 12:41:21,595 [INFO] LinkedIn Post Extractor
2026-03-12 12:41:21,595 [INFO] Keywords: ['Shayak Mazumder']
2026-03-12 12:41:21,595 [INFO] Time Range: Last 6 months
2026-03-12 12:41:21,595 [INFO] Output Directory: ./output
2026-03-12 12:41:21,595 [INFO] ============================================================
2026-03-12 12:41:22,622 [INFO] Found saved session state.
2026-03-12 12:41:23,320 [INFO] Checking login status...
2026-03-12 12:41:36,016 [INFO] Already logged in.
2026-03-12 12:41:36,016 [INFO] Starting search for: Shayak Mazumder
2026-03-12 12:41:41,261 [INFO] Scrolling page 1/5 for 'Shayak Mazumder'...
2026-03-12 12:41:49,181 [INFO] Extracted post urn:li:activity:7437750672193703936 by Sivagami RadhakrishnanSivagami Radhakrishnan
2026-03-12 12:41:49,260 [INFO] Extracted post urn:li:activity:7437725226441875456 by Shayak MazumderShayak Mazumder
2026-03-12 12:41:49,325 [INFO] Extracted post urn:li:activity:7437722585397669888 by Praveen DornaPraveen Dorna
2026-03-12 12:41:49,441 [INFO] Extracted post urn:li:activity:7437163809569542145 by ADC-Spark-Job-OpportunitiesADC-Spark-Job-Opportunities
2026-03-12 12:41:49,538 [INFO] Extracted post urn:li:activity:7437127654455148544 by AdyaAdya
2026-03-12 12:41:49,612 [INFO] Extracted post urn:li:activity:7437087949797732352 by Dharshika D.SDharshika D.S
2026-03-12 12:41:49,685 [INFO] Extracted post urn:li:activity:7437094938820886528 by Shayak MazumderShayak Mazumder
2026-03-12 12:41:49,762 [INFO] Extracted post urn:li:activity:7437006836446294016 by Jency IrinJency Irin
2026-03-12 12:41:49,834 [INFO] Extracted post urn:li:activity:7436813211204734976 by Ajitha IAjitha I
2026-03-12 12:41:53,620 [INFO] Clicked 'Show more' button.
2026-03-12 12:41:57,841 [INFO] Scrolling page 2/5 for 'Shayak Mazumder'...
2026-03-12 12:42:05,016 [INFO] Extracted post urn:li:activity:7436735170596093952 by AdyaAdya
2026-03-12 12:42:05,048 [INFO] Extracted post urn:li:activity:7436433721999704064 by Charumathi SCharumathi S
2026-03-12 12:42:05,086 [INFO] Extracted post urn:li:activity:7436417675901157376 by Hemanth SHemanth S
2026-03-12 12:42:05,119 [INFO] Extracted post urn:li:activity:7436410266231296000 by Ramasamy TRamasamy T
2026-03-12 12:42:05,150 [INFO] Extracted post urn:li:activity:7436095474538881024 by Prem pPrem p
2026-03-12 12:42:05,182 [INFO] Extracted post urn:li:activity:7436094714010972160 by Sowraj MSowraj M
2026-03-12 12:42:05,220 [INFO] Extracted post urn:li:activity:7436085291867828224 by Praveen RPraveen R
2026-03-12 12:42:05,258 [INFO] Extracted post urn:li:activity:7436064898775703552 by Diya VinodDiya Vinod
2026-03-12 12:42:05,295 [INFO] Extracted post urn:li:activity:7436048010582720513 by AdyaAdya
2026-03-12 12:42:05,324 [INFO] Extracted post urn:li:activity:7436037122630914048 by Neha AnishNeha Anish
2026-03-12 12:42:05,355 [INFO] Extracted post urn:li:activity:7436024124164165632 by A AkshayA Akshay
2026-03-12 12:42:05,388 [INFO] Extracted post urn:li:activity:7436020828082933760 by Dhinesh WaranDhinesh Waran
2026-03-12 12:42:05,421 [INFO] Extracted post urn:li:activity:7436014061680615424 by Shayak MazumderShayak Mazumder
2026-03-12 12:42:05,452 [INFO] Extracted post urn:li:activity:7436011925362155520 by Aswin NAswin N
2026-03-12 12:42:05,485 [INFO] Extracted post urn:li:activity:7435640366873100288 by AdyaAdya
2026-03-12 12:42:08,301 [INFO] Clicked 'Show more' button.
2026-03-12 12:42:12,355 [INFO] Scrolling page 3/5 for 'Shayak Mazumder'...
2026-03-12 12:42:19,247 [INFO] Extracted post urn:li:activity:7435231786672140288 by Arun Pandit ®Arun Pandit ®
2026-03-12 12:42:19,291 [INFO] Extracted post urn:li:activity:7435226701913206784 by Sainik School Sujanpur TiraSainik School Sujanpur Tira
2026-03-12 12:42:19,340 [INFO] Extracted post urn:li:activity:7434135139380711424 by Prathamesh AmbokarPrathamesh Ambokar
2026-03-12 12:42:19,390 [INFO] Extracted post urn:li:activity:7433335920432422913 by Kamal JainKamal Jain
2026-03-12 12:42:19,443 [INFO] Extracted post urn:li:activity:7434213424617709568 by AdyaAdya
2026-03-12 12:42:19,496 [INFO] Extracted post urn:li:activity:7433274479772037121 by Robert MaciejkoRobert Maciejko
2026-03-12 12:42:19,533 [INFO] Extracted post urn:li:activity:7432724634489323520 by Baba Farid School of Entrepreneurship (BFSoE)Baba Farid School of Entrepreneurship (BFSoE)
2026-03-12 12:42:19,574 [INFO] Extracted post urn:li:activity:7432071383985303552 by Amit kumar MandalAmit kumar Mandal
2026-03-12 12:42:19,622 [INFO] Extracted post urn:li:activity:7432012940939018240 by STPI - Software Technology Parks of IndiaSTPI - Software Technology Parks of India
2026-03-12 12:42:19,973 [INFO] Clicked 'Show more' button.
2026-03-12 12:42:23,900 [INFO] Scrolling page 4/5 for 'Shayak Mazumder'...
2026-03-12 12:42:30,401 [INFO] Extracted post urn:li:activity:7432727787439906816 by AdyaAdya
2026-03-12 12:42:30,458 [INFO] Extracted post urn:li:activity:7431680865602166784 by Benjamin LATLIBenjamin LATLI
2026-03-12 12:42:30,519 [INFO] Extracted post urn:li:activity:7431568142440603648 by Chandigarh University, APEX Institute Of Management, (Industry Collaborated MBA/BBA Programs)Chandigarh University, APEX Institute Of Management, (Industry Collaborated MBA/BBA Programs)
2026-03-12 12:42:30,576 [INFO] Extracted post urn:li:activity:7430164096924172289 by Shayak MazumderShayak Mazumder
2026-03-12 12:42:30,659 [INFO] Extracted post urn:li:activity:7430102593202356224 by Rashi GuptaRashi Gupta
2026-03-12 12:42:30,701 [INFO] Extracted post urn:li:activity:7432395943305568256 by AdyaAdya
2026-03-12 12:42:31,052 [INFO] Clicked 'Show more' button.
2026-03-12 12:42:34,683 [INFO] Scrolling page 5/5 for 'Shayak Mazumder'...
2026-03-12 12:42:43,789 [INFO] Extracted post urn:li:activity:7429889435548192770 by Jignesh VasaniJignesh Vasani
2026-03-12 12:42:43,853 [INFO] Extracted post urn:li:activity:7429765752301223936 by Niraj RuparelNiraj Ruparel
2026-03-12 12:42:43,904 [INFO] Extracted post urn:li:activity:7429594105971662848 by Mahesh siddamsettyMahesh siddamsetty
2026-03-12 12:42:43,964 [INFO] Extracted post urn:li:activity:7429492698643988480 by Charu JainCharu Jain
2026-03-12 12:42:44,039 [INFO] Extracted post urn:li:activity:7431641437143900163 by AdyaAdya
2026-03-12 12:42:44,083 [INFO] Extracted post urn:li:activity:7429142908852895744 by Nishit VermaNishit Verma
2026-03-12 12:42:44,543 [INFO] Clicked 'Show more' button.
2026-03-12 12:42:55,868 [INFO] Scraping completed.
2026-03-12 12:42:55,902 [INFO] 
Total posts collected: 45
2026-03-12 12:42:55,905 [ERROR] Unexpected error: table posts has 14 columns but 12 values were supplied
Traceback (most recent call last):
  File "D:\Game\Linkedin_Project\linkedin_extractor\main.py", line 52, in main
    results = storage.save_all(posts)
  File "D:\Game\Linkedin_Project\linkedin_extractor\storage.py", line 74, in save_all
    conn.execute('''
    ~~~~~~~~~~~~^^^^
        INSERT INTO posts VALUES (?,?,?,?,?,?,?,?,?,?,?,?)
        ^^^^^^^^^^^^^^^^^^^^^^^^^^^^^^^^^^^^^^^^^^^^^^^^^^
    ...<4 lines>...
        json.dumps(p["matched_keywords"]), p["post_type"], p["scraped_at"]
        ^^^^^^^^^^^^^^^^^^^^^^^^^^^^^^^^^^^^^^^^^^^^^^^^^^^^^^^^^^^^^^^^^^
    ))
    ^^
sqlite3.OperationalError: table posts has 14 columns but 12 values were supplied
