2026-03-12 14:22:55,089 [INFO] Log file: logs\scraper_2026-03-12_14-22-55.log
2026-03-12 14:22:55,090 [INFO] ============================================================
2026-03-12 14:22:55,090 [INFO] LinkedIn Post Extractor
2026-03-12 14:22:55,090 [INFO] Keywords: ['test']
2026-03-12 14:22:55,090 [INFO] Max Posts: 2
2026-03-12 14:22:55,090 [INFO] Time Range: Last 6 months
2026-03-12 14:22:55,090 [INFO] Output Directory: ./output
2026-03-12 14:22:55,090 [INFO] ============================================================
2026-03-12 14:22:55,091 [INFO] Cleared main posts.json for fresh start: ./output\posts.json
2026-03-12 14:22:55,979 [INFO] Found saved session state.
2026-03-12 14:22:56,371 [INFO] Checking login status...
2026-03-12 14:23:00,348 [INFO] Already logged in.
2026-03-12 14:23:00,348 [INFO] Starting search for: test (target: 2 posts)
2026-03-12 14:23:03,660 [INFO] Target: 2 posts for keyword 'test'
2026-03-12 14:23:03,660 [INFO] Scroll 1/3 for 'test' - Collected: 0/2
2026-03-12 14:23:05,057 [INFO] Reached end of search results.
2026-03-12 14:23:05,057 [INFO] Completed search for 'test': collected 0 posts
2026-03-12 14:23:05,891 [INFO] Scraping completed.
2026-03-12 14:23:05,913 [INFO] 
Total posts collected: 0
2026-03-12 14:23:05,914 [WARNING] No posts collected.
