2026-03-12 14:14:09,081 [INFO] Log file: logs\scraper_2026-03-12_14-14-09.log
2026-03-12 14:14:09,081 [INFO] ============================================================
2026-03-12 14:14:09,081 [INFO] LinkedIn Post Extractor
2026-03-12 14:14:09,081 [INFO] Keywords: ['vigneshwara']
2026-03-12 14:14:09,081 [INFO] Max Posts: 3
2026-03-12 14:14:09,081 [INFO] Time Range: Last 6 months
2026-03-12 14:14:09,082 [INFO] Output Directory: ./output
2026-03-12 14:14:09,082 [INFO] ============================================================
2026-03-12 14:14:09,082 [INFO] Cleared main posts.json for fresh start: ./output\posts.json
2026-03-12 14:14:10,043 [INFO] Found saved session state.
2026-03-12 14:14:10,441 [INFO] Checking login status...
2026-03-12 14:14:14,815 [INFO] Already logged in.
2026-03-12 14:14:14,815 [INFO] Starting search for: vigneshwara (target: 3 posts)
2026-03-12 14:14:19,386 [INFO] Target: 3 posts for keyword 'vigneshwara'
2026-03-12 14:14:19,386 [INFO] Scroll 1/3 for 'vigneshwara' - Collected: 0/3
2026-03-12 14:14:21,224 [INFO] Extracted post 1/3: urn:li:activity:7437742730216116226 by karimnagar red brickskarimnagar red bricks
2026-03-12 14:14:21,226 [INFO] Saved post to dashboard: karimnagar red brickskarimnagar red bricks - Total posts: 1
2026-03-12 14:14:21,431 [INFO] Extracted post 2/3: urn:li:activity:7437504360768700416 by VIGNESHWARA KVIGNESHWARA K
2026-03-12 14:14:21,432 [INFO] Saved post to dashboard: VIGNESHWARA KVIGNESHWARA K - Total posts: 2
2026-03-12 14:14:21,547 [INFO] Extracted post 3/3: urn:li:activity:7437363910464192512 by AJSD Academy | Salesforce Workforce PartnerAJSD Academy | Salesforce Workforce Partner
2026-03-12 14:14:21,564 [INFO] Saved post to dashboard: AJSD Academy | Salesforce Workforce PartnerAJSD Academy | Salesforce Workforce Partner - Total posts: 3
2026-03-12 14:14:21,565 [INFO] Completed search for 'vigneshwara': collected 3 posts
2026-03-12 14:14:22,224 [INFO] Scraping completed.
2026-03-12 14:14:22,245 [INFO] 
Total posts collected: 3
2026-03-12 14:14:22,254 [INFO] CSV saved: ./output\posts_2026-03-12_14-14-22.csv
2026-03-12 14:14:22,255 [INFO] JSON saved: ./output\posts_2026-03-12_14-14-22.json
2026-03-12 14:14:22,255 [INFO] Database: ./output\linkedin_posts.db
2026-03-12 14:14:22,261 [INFO] 
============================================================
2026-03-12 14:14:22,262 [INFO] EXTRACTION SUMMARY
2026-03-12 14:14:22,262 [INFO] Total Posts in DB: 226
2026-03-12 14:14:22,262 [INFO] Likes: 5,876
2026-03-12 14:14:22,262 [INFO] Comments: 382
2026-03-12 14:14:22,262 [INFO] Reposts: 151
2026-03-12 14:14:22,262 [INFO] Top Authors:
2026-03-12 14:14:22,262 [INFO]   - AdyaAdya: 9 posts
2026-03-12 14:14:22,262 [INFO]   - karimnagar red brickskarimnagar red bricks: 7 posts
2026-03-12 14:14:22,262 [INFO]   - Madhan BathiniMadhan Bathini: 5 posts
2026-03-12 14:14:22,262 [INFO]   - Madhan KumarMadhan Kumar: 5 posts
2026-03-12 14:14:22,262 [INFO]   - Madhan SMadhan S: 5 posts
2026-03-12 14:14:22,262 [INFO] ============================================================
