2026-03-12 19:20:19,459 [INFO] Log file: logs\scraper_2026-03-12_19-20-19.log
2026-03-12 19:20:19,459 [INFO] ============================================================
2026-03-12 19:20:19,459 [INFO] LinkedIn Post Extractor
2026-03-12 19:20:19,459 [INFO] Keywords: ['Kanishk SP']
2026-03-12 19:20:19,459 [INFO] Max Posts: 10
2026-03-12 19:20:19,459 [INFO] Time Range: Last 6 months
2026-03-12 19:20:19,459 [INFO] Output Directory: ./output
2026-03-12 19:20:19,459 [INFO] ============================================================
2026-03-12 19:20:19,460 [INFO] Cleared main posts.json for fresh start: ./output\posts.json
2026-03-12 19:20:20,020 [INFO] Found saved session state.
2026-03-12 19:20:20,270 [INFO] Checking login status...
2026-03-12 19:20:24,245 [INFO] Already logged in.
2026-03-12 19:20:24,245 [INFO] Starting search for: Kanishk SP (target: 10 posts)
2026-03-12 19:20:26,787 [INFO] Target: 10 posts for keyword 'Kanishk SP'
2026-03-12 19:20:26,787 [INFO] Scroll 1/5 for 'Kanishk SP' - Collected: 0/10
2026-03-12 19:20:28,672 [INFO] Extracted post 1/10: urn:li:activity:7437348183447580672 by Sachin kumar RanaSachin kumar Rana
2026-03-12 19:20:28,674 [INFO] Saved post to dashboard: Sachin kumar RanaSachin kumar Rana - Total posts: 1
2026-03-12 19:20:28,910 [INFO] Extracted post 2/10: urn:li:activity:7429422631512342528 by Muskan BajajMuskan Bajaj
2026-03-12 19:20:28,912 [INFO] Saved post to dashboard: Muskan BajajMuskan Bajaj - Total posts: 2
2026-03-12 19:20:30,042 [INFO] Extracted post 3/10: urn:li:activity:7437592295400480768 by Ubaid Ahmad bhatUbaid Ahmad bhat
2026-03-12 19:20:30,053 [INFO] Saved post to dashboard: Ubaid Ahmad bhatUbaid Ahmad bhat - Total posts: 3
2026-03-12 19:20:30,053 [INFO] Scroll 2/5 for 'Kanishk SP' - Collected: 3/10
2026-03-12 19:20:31,343 [INFO] Extracted post 4/10: urn:li:activity:7421786665024876544 by Karan SethKaran Seth
2026-03-12 19:20:31,345 [INFO] Saved post to dashboard: Karan SethKaran Seth - Total posts: 4
2026-03-12 19:20:31,386 [INFO] Extracted post 5/10: urn:li:activity:7410697915066753025 by Tripti SaraswatTripti Saraswat
2026-03-12 19:20:31,397 [INFO] Saved post to dashboard: Tripti SaraswatTripti Saraswat - Total posts: 5
2026-03-12 19:20:31,431 [INFO] Extracted post 6/10: urn:li:activity:7433487708502585344 by Kanishk DawarKanishk Dawar
2026-03-12 19:20:31,442 [INFO] Saved post to dashboard: Kanishk DawarKanishk Dawar - Total posts: 6
2026-03-12 19:20:31,442 [INFO] Scroll 3/5 for 'Kanishk SP' - Collected: 6/10
2026-03-12 19:20:33,230 [INFO] Extracted post 7/10: urn:li:activity:7437638491620036608 by Vinod Kumar Jain DharewaVinod Kumar Jain Dharewa
2026-03-12 19:20:33,232 [INFO] Saved post to dashboard: Vinod Kumar Jain DharewaVinod Kumar Jain Dharewa - Total posts: 7
2026-03-12 19:20:33,268 [INFO] Extracted post 8/10: urn:li:activity:7437843092994654209 by Prakash Seshadri aka Corporate Sage PrakashPrakash Seshadri aka Corporate Sage Prakash
2026-03-12 19:20:33,279 [INFO] Saved post to dashboard: Prakash Seshadri aka Corporate Sage PrakashPrakash Seshadri aka Corporate Sage Prakash - Total posts: 8
2026-03-12 19:20:33,279 [INFO] Scroll 4/5 for 'Kanishk SP' - Collected: 8/10
2026-03-12 19:20:34,972 [INFO] Extracted post 9/10: urn:li:activity:7437120220533567488 by india newsindia news
2026-03-12 19:20:34,975 [INFO] Saved post to dashboard: india newsindia news - Total posts: 9
2026-03-12 19:20:35,024 [INFO] Extracted post 10/10: urn:li:activity:7436957421438144512 by कश्यप राजपूत शिक्षा सभाकश्यप राजपूत शिक्षा सभा
2026-03-12 19:20:35,041 [INFO] Saved post to dashboard: कश्यप राजपूत शिक्षा सभाकश्यप राजपूत शिक्षा सभा - Total posts: 10
2026-03-12 19:20:35,041 [INFO] Completed search for 'Kanishk SP': collected 10 posts
2026-03-12 19:20:35,693 [INFO] Scraping completed.
2026-03-12 19:20:35,715 [INFO] 
Total posts collected: 10
2026-03-12 19:20:35,732 [INFO] CSV saved: ./output\posts_2026-03-12_19-20-35.csv
2026-03-12 19:20:35,732 [INFO] JSON saved: ./output\posts_2026-03-12_19-20-35.json
2026-03-12 19:20:35,732 [INFO] Database: ./output\linkedin_posts.db
2026-03-12 19:20:35,743 [INFO] 
============================================================
2026-03-12 19:20:35,743 [INFO] EXTRACTION SUMMARY
2026-03-12 19:20:35,744 [INFO] Total Posts in DB: 335
2026-03-12 19:20:35,744 [INFO] Likes: 11,268
2026-03-12 19:20:35,744 [INFO] Comments: 910
2026-03-12 19:20:35,744 [INFO] Reposts: 323
2026-03-12 19:20:35,744 [INFO] Top Authors:
2026-03-12 19:20:35,744 [INFO]   - AdyaAdya: 9 posts
2026-03-12 19:20:35,744 [INFO]   - karimnagar red brickskarimnagar red bricks: 7 posts
2026-03-12 19:20:35,744 [INFO]   - Madhan SMadhan S: 5 posts
2026-03-12 19:20:35,744 [INFO]   - Madhan KumarMadhan Kumar: 5 posts
2026-03-12 19:20:35,744 [INFO]   - Madhan BathiniMadhan Bathini: 5 posts
2026-03-12 19:20:35,744 [INFO] ============================================================
