2026-03-12 15:53:37,527 [INFO] Log file: logs\scraper_2026-03-12_15-53-37.log
2026-03-12 15:53:37,527 [INFO] ============================================================
2026-03-12 15:53:37,528 [INFO] LinkedIn Post Extractor
2026-03-12 15:53:37,528 [INFO] Keywords: ['k']
2026-03-12 15:53:37,528 [INFO] Max Posts: 5
2026-03-12 15:53:37,528 [INFO] Time Range: Last 6 months
2026-03-12 15:53:37,528 [INFO] Output Directory: ./output
2026-03-12 15:53:37,528 [INFO] ============================================================
2026-03-12 15:53:37,529 [INFO] Cleared main posts.json for fresh start: ./output\posts.json
2026-03-12 15:53:38,436 [INFO] Found saved session state.
2026-03-12 15:53:38,803 [INFO] Checking login status...
2026-03-12 15:53:44,040 [INFO] Already logged in.
2026-03-12 15:53:44,040 [INFO] Starting search for: k (target: 5 posts)
2026-03-12 15:53:47,803 [INFO] Target: 5 posts for keyword 'k'
2026-03-12 15:53:47,805 [INFO] Scroll 1/3 for 'k' - Collected: 0/5
2026-03-12 15:53:52,199 [INFO] Reached end of search results.
2026-03-12 15:53:52,206 [INFO] Completed search for 'k': collected 0 posts
2026-03-12 15:53:54,231 [INFO] Scraping completed.
2026-03-12 15:53:54,295 [INFO] 
Total posts collected: 0
2026-03-12 15:53:54,297 [WARNING] No posts collected.
