2026-03-12 13:53:26,785 [INFO] Log file: logs\scraper_2026-03-12_13-53-26.log
2026-03-12 13:53:26,785 [INFO] ============================================================
2026-03-12 13:53:26,785 [INFO] LinkedIn Post Extractor
2026-03-12 13:53:26,785 [INFO] Keywords: ['AI']
2026-03-12 13:53:26,786 [INFO] Max Posts: 5
2026-03-12 13:53:26,786 [INFO] Time Range: Last 6 months
2026-03-12 13:53:26,786 [INFO] Output Directory: ./output
2026-03-12 13:53:26,786 [INFO] ============================================================
2026-03-12 13:53:26,787 [INFO] Cleared main posts.json for fresh start: ./output\posts.json
2026-03-12 13:53:27,696 [INFO] Found saved session state.
2026-03-12 13:53:28,084 [INFO] Checking login status...
2026-03-12 13:53:33,020 [INFO] Already logged in.
2026-03-12 13:53:33,021 [INFO] Starting search for: AI (target: 5 posts)
2026-03-12 13:53:38,184 [INFO] Target: 5 posts for keyword 'AI'
2026-03-12 13:53:38,185 [INFO] Scroll 1/3 for 'AI' - Collected: 0/5
2026-03-12 13:53:39,790 [INFO] Reached end of search results.
2026-03-12 13:53:39,790 [INFO] Completed search for 'AI': collected 0 posts
2026-03-12 13:53:40,501 [INFO] Scraping completed.
2026-03-12 13:53:40,520 [INFO] 
Total posts collected: 0
2026-03-12 13:53:40,521 [WARNING] No posts collected.
