2026-03-12 14:44:22,538 [INFO] Log file: logs\scraper_2026-03-12_14-44-22.log
2026-03-12 14:44:22,539 [INFO] ============================================================
2026-03-12 14:44:22,539 [INFO] LinkedIn Post Extractor
2026-03-12 14:44:22,540 [INFO] Keywords: ['google']
2026-03-12 14:44:22,540 [INFO] Max Posts: 10
2026-03-12 14:44:22,540 [INFO] Time Range: Last 6 months
2026-03-12 14:44:22,540 [INFO] Output Directory: ./output
2026-03-12 14:44:22,540 [INFO] ============================================================
2026-03-12 14:44:22,542 [INFO] Cleared main posts.json for fresh start: ./output\posts.json
2026-03-12 14:44:23,644 [INFO] Found saved session state.
2026-03-12 14:44:24,269 [INFO] Checking login status...
2026-03-12 14:44:30,462 [INFO] Already logged in.
2026-03-12 14:44:30,463 [INFO] Starting search for: google (target: 10 posts)
2026-03-12 14:44:35,122 [INFO] Target: 10 posts for keyword 'google'
2026-03-12 14:44:35,122 [INFO] Scroll 1/5 for 'google' - Collected: 0/10
2026-03-12 14:44:36,503 [INFO] Reached end of search results.
2026-03-12 14:44:36,503 [INFO] Completed search for 'google': collected 0 posts
2026-03-12 14:44:37,470 [INFO] Scraping completed.
2026-03-12 14:44:37,491 [INFO] 
Total posts collected: 0
2026-03-12 14:44:37,491 [WARNING] No posts collected.
