2026-03-12 16:40:03,341 [INFO] Log file: logs\scraper_2026-03-12_16-40-03.log
2026-03-12 16:40:03,341 [INFO] ============================================================
2026-03-12 16:40:03,341 [INFO] LinkedIn Post Extractor
2026-03-12 16:40:03,341 [INFO] Keywords: ['Shayak Mazumder']
2026-03-12 16:40:03,342 [INFO] Max Posts: 30
2026-03-12 16:40:03,342 [INFO] Time Range: Last 6 months
2026-03-12 16:40:03,342 [INFO] Output Directory: ./output
2026-03-12 16:40:03,342 [INFO] ============================================================
2026-03-12 16:40:03,342 [INFO] Cleared main posts.json for fresh start: ./output\posts.json
2026-03-12 16:40:04,737 [INFO] Found saved session state.
2026-03-12 16:40:05,583 [INFO] Checking login status...
2026-03-12 16:40:09,842 [INFO] Already logged in.
2026-03-12 16:40:09,843 [INFO] Starting search for: Shayak Mazumder (target: 30 posts)
2026-03-12 16:40:14,991 [INFO] Target: 30 posts for keyword 'Shayak Mazumder'
2026-03-12 16:40:14,992 [INFO] Scroll 1/10 for 'Shayak Mazumder' - Collected: 0/30
2026-03-12 16:40:20,759 [INFO] Extracted post 1/30: urn:li:activity:7436037122630914048 by Neha AnishNeha Anish
2026-03-12 16:40:20,769 [INFO] Saved post to dashboard: Neha AnishNeha Anish - Total posts: 1
2026-03-12 16:40:21,471 [INFO] Extracted post 2/30: urn:li:activity:7429142908852895744 by Nishit VermaNishit Verma
2026-03-12 16:40:21,498 [INFO] Saved post to dashboard: Nishit VermaNishit Verma - Total posts: 2
2026-03-12 16:40:22,012 [INFO] Extracted post 3/30: urn:li:activity:7437481790203846658 by Sumita JetleySumita Jetley
2026-03-12 16:40:22,019 [INFO] Saved post to dashboard: Sumita JetleySumita Jetley - Total posts: 3
2026-03-12 16:40:22,020 [INFO] Scroll 2/10 for 'Shayak Mazumder' - Collected: 3/30
2026-03-12 16:40:25,646 [INFO] Extracted post 4/30: urn:li:activity:7409079546521649152 by Ashish V MehraAshish V Mehra
2026-03-12 16:40:25,652 [INFO] Saved post to dashboard: Ashish V MehraAshish V Mehra - Total posts: 4
2026-03-12 16:40:26,242 [INFO] Extracted post 5/30: urn:li:activity:7273631599974305794 by Mumbai Educational Trust, MET League of CollegesMumbai Educational Trust, MET League of Colleges
2026-03-12 16:40:26,249 [INFO] Saved post to dashboard: Mumbai Educational Trust, MET League of CollegesMumbai Educational Trust, MET League of Colleges - Total posts: 5
2026-03-12 16:40:26,582 [INFO] Extracted post 6/30: urn:li:activity:7406685712626044928 by A PriyadharshiniA Priyadharshini
2026-03-12 16:40:26,594 [INFO] Saved post to dashboard: A PriyadharshiniA Priyadharshini - Total posts: 6
2026-03-12 16:40:26,603 [INFO] Scroll 3/10 for 'Shayak Mazumder' - Collected: 6/30
2026-03-12 16:40:28,387 [INFO] No new posts found in this scroll, might have reached the end.
2026-03-12 16:40:28,387 [INFO] Completed search for 'Shayak Mazumder': collected 6 posts
2026-03-12 16:40:29,670 [INFO] Scraping completed.
2026-03-12 16:40:29,707 [INFO] 
Total posts collected: 6
2026-03-12 16:40:29,772 [INFO] CSV saved: ./output\posts_2026-03-12_16-40-29.csv
2026-03-12 16:40:29,774 [INFO] JSON saved: ./output\posts_2026-03-12_16-40-29.json
2026-03-12 16:40:29,774 [INFO] Database: ./output\linkedin_posts.db
2026-03-12 16:40:29,826 [INFO] 
============================================================
2026-03-12 16:40:29,826 [INFO] EXTRACTION SUMMARY
2026-03-12 16:40:29,827 [INFO] Total Posts in DB: 287
2026-03-12 16:40:29,828 [INFO] Likes: 9,418
2026-03-12 16:40:29,828 [INFO] Comments: 703
2026-03-12 16:40:29,828 [INFO] Reposts: 298
2026-03-12 16:40:29,829 [INFO] Top Authors:
2026-03-12 16:40:29,829 [INFO]   - AdyaAdya: 9 posts
2026-03-12 16:40:29,829 [INFO]   - karimnagar red brickskarimnagar red bricks: 7 posts
2026-03-12 16:40:29,829 [INFO]   - Madhan SMadhan S: 5 posts
2026-03-12 16:40:29,829 [INFO]   - Madhan BathiniMadhan Bathini: 5 posts
2026-03-12 16:40:29,830 [INFO]   - Madhan KumarMadhan Kumar: 5 posts
2026-03-12 16:40:29,832 [INFO] ============================================================
